<?xml version="1.0" encoding="UTF-8"?>
<!-- Generated by org.testng.reporters.JUnitReportReporter -->
<testsuite hostname="Surendran" failures="0" tests="1" name="remoteTesting.dockerValidation.chromeTest2" time="107.244" errors="0" timestamp="2023-05-26T23:07:48 IST" skipped="0">
  <testcase classname="remoteTesting.dockerValidation.chromeTest2" name="test2" time="107.244"/>
  <system-out/>
</testsuite> <!-- remoteTesting.dockerValidation.chromeTest2 -->
